[debug] [2026-03-01T07:28:38.112Z] ----------------------------------------------------------------------
[debug] [2026-03-01T07:28:38.114Z] Command:       C:\Program Files\nodejs\node.exe C:\Users\jyuti\AppData\Roaming\npm\node_modules\firebase-tools\lib\bin\firebase.js init
[debug] [2026-03-01T07:28:38.115Z] CLI Version:   15.8.0
[debug] [2026-03-01T07:28:38.115Z] Platform:      win32
[debug] [2026-03-01T07:28:38.115Z] Node Version:  v22.17.1
[debug] [2026-03-01T07:28:38.115Z] Time:          Sun Mar 01 2026 12:58:38 GMT+0530 (India Standard Time)
[debug] [2026-03-01T07:28:38.115Z] ----------------------------------------------------------------------
[debug] 
[debug] [2026-03-01T07:28:38.117Z] >>> [apiv2][query] GET https://firebase-public.firebaseio.com/cli.json [none]
[info] 
     ######## #### ########  ######## ########     ###     ######  ########
     ##        ##  ##     ## ##       ##     ##  ##   ##  ##       ##
     ######    ##  ########  ######   ########  #########  ######  ######
     ##        ##  ##    ##  ##       ##     ## ##     ##       ## ##
     ##       #### ##     ## ######## ########  ##     ##  ######  ########

You're about to initialize a Firebase project in this directory:

  D:\git\portfolio

[debug] [2026-03-01T07:28:39.809Z] <<< [apiv2][status] GET https://firebase-public.firebaseio.com/cli.json 200
[debug] [2026-03-01T07:28:39.809Z] <<< [apiv2][body] GET https://firebase-public.firebaseio.com/cli.json {"cloudBuildErrorAfter":1594252800000,"cloudBuildWarnAfter":1590019200000,"defaultNode10After":1594252800000,"minVersion":"3.0.5","node8DeploysDisabledAfter":1613390400000,"node8RuntimeDisabledAfter":1615809600000,"node8WarnAfter":1600128000000}
[info] 
=== Project Setup
[info] 
[info] First, let's associate this project directory with a Firebase project.
[info] You can create multiple project aliases by running firebase use --add, 
[info] 
[debug] [2026-03-01T07:31:56.933Z] > command requires scopes: ["email","openid","https://www.googleapis.com/auth/cloudplatformprojects.readonly","https://www.googleapis.com/auth/firebase","https://www.googleapis.com/auth/cloud-platform"]
[debug] [2026-03-01T07:31:56.944Z] > authorizing via signed-in user (jyutica20@gmail.com)
[debug] [2026-03-01T07:31:56.967Z] Checked if tokens are valid: false, expires at: 1765717773445
[debug] [2026-03-01T07:31:56.967Z] Checked if tokens are valid: false, expires at: 1765717773445
[debug] [2026-03-01T07:31:56.971Z] > refreshing access token with scopes: []
[debug] [2026-03-01T07:31:56.990Z] >>> [apiv2][query] POST https://www.googleapis.com/oauth2/v3/token [none]
[debug] [2026-03-01T07:31:56.990Z] >>> [apiv2][body] POST https://www.googleapis.com/oauth2/v3/token [omitted]
[debug] [2026-03-01T07:31:57.195Z] <<< [apiv2][status] POST https://www.googleapis.com/oauth2/v3/token 200
[debug] [2026-03-01T07:31:57.195Z] <<< [apiv2][body] POST https://www.googleapis.com/oauth2/v3/token [omitted]
[debug] [2026-03-01T07:31:57.206Z] >>> [apiv2][query] GET https://firebase.googleapis.com/v1beta1/projects pageSize=100
[debug] [2026-03-01T07:31:58.072Z] <<< [apiv2][status] GET https://firebase.googleapis.com/v1beta1/projects 200
[debug] [2026-03-01T07:31:58.072Z] <<< [apiv2][body] GET https://firebase.googleapis.com/v1beta1/projects [omitted]
[debug] [2026-03-01T07:32:47.482Z] ExitPromptError: User force closed the prompt with SIGINT
    at Interface.sigint (C:\Users\jyuti\AppData\Roaming\npm\node_modules\firebase-tools\node_modules\@inquirer\core\dist\commonjs\lib\create-prompt.js:101:37)
    at Interface.emit (node:events:518:28)
    at [_ttyWrite] [as _ttyWrite] (node:internal/readline/interface:1132:18)
    at ReadStream.onkeypress (node:internal/readline/interface:271:20)
    at ReadStream.emit (node:events:530:35)
    at emitKeys (node:internal/readline/utils:370:14)
    at emitKeys.next (<anonymous>)
    at ReadStream.onData (node:internal/readline/emitKeypressEvents:64:36)
    at ReadStream.emit (node:events:518:28)
    at addChunk (node:internal/streams/readable:561:12)
[error] 
[error] Error: An unexpected error has occurred.
[debug] [2026-03-01T07:35:53.831Z] ----------------------------------------------------------------------
[debug] [2026-03-01T07:35:53.840Z] Command:       C:\Program Files\nodejs\node.exe C:\Users\jyuti\AppData\Roaming\npm\node_modules\firebase-tools\lib\bin\firebase.js init
[debug] [2026-03-01T07:35:53.840Z] CLI Version:   15.8.0
[debug] [2026-03-01T07:35:53.840Z] Platform:      win32
[debug] [2026-03-01T07:35:53.840Z] Node Version:  v22.17.1
[debug] [2026-03-01T07:35:53.841Z] Time:          Sun Mar 01 2026 13:05:53 GMT+0530 (India Standard Time)
[debug] [2026-03-01T07:35:53.841Z] ----------------------------------------------------------------------
[debug] 
[info] 
     ######## #### ########  ######## ########     ###     ######  ########
     ##        ##  ##     ## ##       ##     ##  ##   ##  ##       ##
     ######    ##  ########  ######   ########  #########  ######  ######
     ##        ##  ##    ##  ##       ##     ## ##     ##       ## ##
     ##       #### ##     ## ######## ########  ##     ##  ######  ########

You're about to initialize a Firebase project in this directory:

  D:\git\portfolio

[info] 
=== Project Setup
[info] 
[info] First, let's associate this project directory with a Firebase project.
[info] You can create multiple project aliases by running firebase use --add, 
[info] 
[debug] [2026-03-01T07:38:14.023Z] > command requires scopes: ["email","openid","https://www.googleapis.com/auth/cloudplatformprojects.readonly","https://www.googleapis.com/auth/firebase","https://www.googleapis.com/auth/cloud-platform"]
[debug] [2026-03-01T07:38:14.023Z] > authorizing via signed-in user (jyutica20@gmail.com)
[debug] [2026-03-01T07:38:14.032Z] Checked if tokens are valid: true, expires at: 1772353916195
[debug] [2026-03-01T07:38:14.032Z] Checked if tokens are valid: true, expires at: 1772353916195
[debug] [2026-03-01T07:38:14.034Z] >>> [apiv2][query] GET https://firebase.googleapis.com/v1beta1/projects pageSize=100
[debug] [2026-03-01T07:38:14.824Z] <<< [apiv2][status] GET https://firebase.googleapis.com/v1beta1/projects 200
[debug] [2026-03-01T07:38:14.824Z] <<< [apiv2][body] GET https://firebase.googleapis.com/v1beta1/projects [omitted]
[info] 
=== Hosting Setup
[debug] [2026-03-01T07:38:22.051Z] Checked if tokens are valid: true, expires at: 1772353916195
[debug] [2026-03-01T07:38:22.051Z] Checked if tokens are valid: true, expires at: 1772353916195
[debug] [2026-03-01T07:38:22.051Z] >>> [apiv2][query] GET https://firebase.googleapis.com/v1beta1/projects/jyutica-portfolio [none]
[debug] [2026-03-01T07:38:22.707Z] <<< [apiv2][status] GET https://firebase.googleapis.com/v1beta1/projects/jyutica-portfolio 200
[debug] [2026-03-01T07:38:22.707Z] <<< [apiv2][body] GET https://firebase.googleapis.com/v1beta1/projects/jyutica-portfolio {"projectId":"jyutica-portfolio","projectNumber":"1001164730579","displayName":"jyutica-portfolio","name":"projects/jyutica-portfolio","resources":{"hostingSite":"jyutica-portfolio"},"state":"ACTIVE","etag":"1_b8a16812-e5bc-4c6f-a3f9-6ae59fb0493a"}
[info] 
[info] Your public directory is the folder (relative to your project directory) that
[info] will contain Hosting assets to be uploaded with firebase deploy. If you
[info] have a build process for your assets, use your build's output directory.
[info] 
